1. Loading site to establish CF clearance + load app...
2. Injecting captured session token into localStorage...
3. Reloading SPA with token set...
4. Hitting route #/share...
4. Hitting route #/team...
4. Hitting route #/invite...
4. Hitting route #/agent...
4. Hitting route #/myteam...
4. Hitting route #/spread...
4. Hitting route #/myShare...
4. Hitting route #/award...
4. Hitting route #/share/team...
5. Direct API calls with token...

=== Direct fetch results ===
  POST /api/app/share/team: ERR TypeError: Failed to fetch
  GET /api/app/share/team: ERR TypeError: Failed to fetch
  POST /api/app/share/my/award: ERR TypeError: Failed to fetch
  GET /api/app/share/my/award: ERR TypeError: Failed to fetch
  POST /api/app/user/share: ERR TypeError: Failed to fetch
  GET /api/app/user/share: ERR TypeError: Failed to fetch
  POST /api/app/rank/team: ERR TypeError: Failed to fetch
  GET /api/app/rank/team: ERR TypeError: Failed to fetch
  POST /api/app/second/share/user/list: ERR TypeError: Failed to fetch
  GET /api/app/second/share/user/list: ERR TypeError: Failed to fetch
  POST /api/app/second/share/list: ERR TypeError: Failed to fetch
  GET /api/app/second/share/list: ERR TypeError: Failed to fetch
  POST /api/app/second/share/user/follow: ERR TypeError: Failed to fetch
  GET /api/app/second/share/user/follow: ERR TypeError: Failed to fetch
  POST /api/app/user/credit/list: ERR TypeError: Failed to fetch
  GET /api/app/user/credit/list: ERR TypeError: Failed to fetch
  POST /api/app/user/credit/getScore: ERR TypeError: Failed to fetch
  GET /api/app/user/credit/getScore: ERR TypeError: Failed to fetch

DONE. Browser will stay open. Drive it to find any team/share UI you spot, then close.
