1. Loading home...
2. Setting token...
3. Navigating to /share...
4. Trying SPA-loaded sub-routes...
5. Calling team APIs via Playwright request context (no CORS)...

=== Direct ===
  POST /api/app/share/team HTTP 403: <!DOCTYPE html> <!--[if lt IE 7]> <html class="no-js ie6 oldie" lang="en-US"> <![endif]--> <!--[if IE 7]> <html class="no-js ie7 oldie" lang="en-US"> <![endif]--> <!--[if IE 8]> <html class="no-js ie8 oldie" lang="en-US"> <![endif]--> <!--[if gt IE 8]><!--> <html class="no-js" lang="en-US"> <!
  GET /api/app/share/team HTTP 403: <!DOCTYPE html> <!--[if lt IE 7]> <html class="no-js ie6 oldie" lang="en-US"> <![endif]--> <!--[if IE 7]> <html class="no-js ie7 oldie" lang="en-US"> <![endif]--> <!--[if IE 8]> <html class="no-js ie8 oldie" lang="en-US"> <![endif]--> <!--[if gt IE 8]><!--> <html class="no-js" lang="en-US"> <!
  POST /api/app/share/my/award HTTP 403: <!DOCTYPE html> <!--[if lt IE 7]> <html class="no-js ie6 oldie" lang="en-US"> <![endif]--> <!--[if IE 7]> <html class="no-js ie7 oldie" lang="en-US"> <![endif]--> <!--[if IE 8]> <html class="no-js ie8 oldie" lang="en-US"> <![endif]--> <!--[if gt IE 8]><!--> <html class="no-js" lang="en-US"> <!
  GET /api/app/share/my/award HTTP 403: <!DOCTYPE html> <!--[if lt IE 7]> <html class="no-js ie6 oldie" lang="en-US"> <![endif]--> <!--[if IE 7]> <html class="no-js ie7 oldie" lang="en-US"> <![endif]--> <!--[if IE 8]> <html class="no-js ie8 oldie" lang="en-US"> <![endif]--> <!--[if gt IE 8]><!--> <html class="no-js" lang="en-US"> <!
  POST /api/app/user/share HTTP 403: <!DOCTYPE html> <!--[if lt IE 7]> <html class="no-js ie6 oldie" lang="en-US"> <![endif]--> <!--[if IE 7]> <html class="no-js ie7 oldie" lang="en-US"> <![endif]--> <!--[if IE 8]> <html class="no-js ie8 oldie" lang="en-US"> <![endif]--> <!--[if gt IE 8]><!--> <html class="no-js" lang="en-US"> <!
  GET /api/app/user/share HTTP 403: <!DOCTYPE html> <!--[if lt IE 7]> <html class="no-js ie6 oldie" lang="en-US"> <![endif]--> <!--[if IE 7]> <html class="no-js ie7 oldie" lang="en-US"> <![endif]--> <!--[if IE 8]> <html class="no-js ie8 oldie" lang="en-US"> <![endif]--> <!--[if gt IE 8]><!--> <html class="no-js" lang="en-US"> <!
  POST /api/app/rank/team HTTP 403: <!DOCTYPE html> <!--[if lt IE 7]> <html class="no-js ie6 oldie" lang="en-US"> <![endif]--> <!--[if IE 7]> <html class="no-js ie7 oldie" lang="en-US"> <![endif]--> <!--[if IE 8]> <html class="no-js ie8 oldie" lang="en-US"> <![endif]--> <!--[if gt IE 8]><!--> <html class="no-js" lang="en-US"> <!
  GET /api/app/rank/team HTTP 403: <!DOCTYPE html> <!--[if lt IE 7]> <html class="no-js ie6 oldie" lang="en-US"> <![endif]--> <!--[if IE 7]> <html class="no-js ie7 oldie" lang="en-US"> <![endif]--> <!--[if IE 8]> <html class="no-js ie8 oldie" lang="en-US"> <![endif]--> <!--[if gt IE 8]><!--> <html class="no-js" lang="en-US"> <!
  POST /api/app/second/share/user/list HTTP 403: <!DOCTYPE html> <!--[if lt IE 7]> <html class="no-js ie6 oldie" lang="en-US"> <![endif]--> <!--[if IE 7]> <html class="no-js ie7 oldie" lang="en-US"> <![endif]--> <!--[if IE 8]> <html class="no-js ie8 oldie" lang="en-US"> <![endif]--> <!--[if gt IE 8]><!--> <html class="no-js" lang="en-US"> <!
  GET /api/app/second/share/user/list HTTP 403: <!DOCTYPE html> <!--[if lt IE 7]> <html class="no-js ie6 oldie" lang="en-US"> <![endif]--> <!--[if IE 7]> <html class="no-js ie7 oldie" lang="en-US"> <![endif]--> <!--[if IE 8]> <html class="no-js ie8 oldie" lang="en-US"> <![endif]--> <!--[if gt IE 8]><!--> <html class="no-js" lang="en-US"> <!
  POST /api/app/second/share/list HTTP 403: <!DOCTYPE html> <!--[if lt IE 7]> <html class="no-js ie6 oldie" lang="en-US"> <![endif]--> <!--[if IE 7]> <html class="no-js ie7 oldie" lang="en-US"> <![endif]--> <!--[if IE 8]> <html class="no-js ie8 oldie" lang="en-US"> <![endif]--> <!--[if gt IE 8]><!--> <html class="no-js" lang="en-US"> <!
  GET /api/app/second/share/list HTTP 403: <!DOCTYPE html> <!--[if lt IE 7]> <html class="no-js ie6 oldie" lang="en-US"> <![endif]--> <!--[if IE 7]> <html class="no-js ie7 oldie" lang="en-US"> <![endif]--> <!--[if IE 8]> <html class="no-js ie8 oldie" lang="en-US"> <![endif]--> <!--[if gt IE 8]><!--> <html class="no-js" lang="en-US"> <!
  POST /api/app/user/credit/list HTTP 403: <!DOCTYPE html> <!--[if lt IE 7]> <html class="no-js ie6 oldie" lang="en-US"> <![endif]--> <!--[if IE 7]> <html class="no-js ie7 oldie" lang="en-US"> <![endif]--> <!--[if IE 8]> <html class="no-js ie8 oldie" lang="en-US"> <![endif]--> <!--[if gt IE 8]><!--> <html class="no-js" lang="en-US"> <!
  GET /api/app/user/credit/list HTTP 403: <!DOCTYPE html> <!--[if lt IE 7]> <html class="no-js ie6 oldie" lang="en-US"> <![endif]--> <!--[if IE 7]> <html class="no-js ie7 oldie" lang="en-US"> <![endif]--> <!--[if IE 8]> <html class="no-js ie8 oldie" lang="en-US"> <![endif]--> <!--[if gt IE 8]><!--> <html class="no-js" lang="en-US"> <!
  POST /api/app/user/credit/getScore HTTP 403: <!DOCTYPE html> <!--[if lt IE 7]> <html class="no-js ie6 oldie" lang="en-US"> <![endif]--> <!--[if IE 7]> <html class="no-js ie7 oldie" lang="en-US"> <![endif]--> <!--[if IE 8]> <html class="no-js ie8 oldie" lang="en-US"> <![endif]--> <!--[if gt IE 8]><!--> <html class="no-js" lang="en-US"> <!
  GET /api/app/user/credit/getScore HTTP 403: <!DOCTYPE html> <!--[if lt IE 7]> <html class="no-js ie6 oldie" lang="en-US"> <![endif]--> <!--[if IE 7]> <html class="no-js ie7 oldie" lang="en-US"> <![endif]--> <!--[if IE 8]> <html class="no-js ie8 oldie" lang="en-US"> <![endif]--> <!--[if gt IE 8]><!--> <html class="no-js" lang="en-US"> <!

=== Passive (browser-issued XHR while navigating) — keys ===
  https://api.ddjea.com/api/app/ping
  https://api.ddjea.com/api/app/language
  https://api.ddjea.com/api/app/config
  https://api.ddjea.com/api/app/user/phone/country
  https://api.ddjea.com/api/app/quotes/sort
  https://api.ddjea.com/api/app/basis/slide
  https://api.ddjea.com/api/app/basis/article/list
  https://api.ddjea.com/api/app/quotes/get/new/list
  https://api.ddjea.com/api/app/user/share
  https://api.ddjea.com/api/app/rank/team
  https://api.ddjea.com/api/app/basis/article
  https://api.ddjea.com/api/app/user/credit/getScore
  https://api.ddjea.com/api/app/user/credit/list
  https://api.ddjea.com/api/app/second/share/user/list

DONE. Browser stays open. Close to exit.
